{"level":"info","message":"Hello","timestamp":"2016-09-18T12:21:17.270Z"}
{"level":"info","message":"Hello","timestamp":"2016-09-18T12:21:17.486Z"}
{"level":"info","message":"Hello","timestamp":"2016-09-18T12:21:46.360Z"}
{"level":"info","message":"Hello","timestamp":"2016-09-18T12:21:47.013Z"}
{"level":"info","message":"Hello","timestamp":"2016-09-18T12:21:47.836Z"}
{"level":"info","message":"Hello","timestamp":"2016-09-18T12:21:48.157Z"}
{"level":"info","message":"Hello","timestamp":"2016-09-18T12:21:48.395Z"}
{"level":"info","message":"Hello","timestamp":"2016-09-18T12:21:48.635Z"}
{"level":"info","message":"Hello","timestamp":"2016-09-18T12:21:48.852Z"}
{"level":"info","message":"Hello","timestamp":"2016-09-18T12:21:49.036Z"}
{"level":"info","message":"Hello","timestamp":"2016-09-18T12:21:49.231Z"}
{"level":"info","message":"Retrive's values from user","timestamp":"2016-09-18T12:32:42.033Z"}
{"level":"info","message":"Retrive's values from user ","timestamp":"2016-09-18T12:56:39.746Z"}
{"level":"info","message":"Retrive's values from user","timestamp":"2016-09-18T12:56:45.817Z"}
{"level":"info","message":"Retrive's values from user","timestamp":"2016-09-19T10:49:00.994Z"}
{"level":"info","message":"Adding user: {}","timestamp":"2016-09-19T11:46:45.968Z"}
{"level":"info","message":"Adding user: {}","timestamp":"2016-09-19T11:47:14.033Z"}
{"level":"info","message":"Adding user: {}","timestamp":"2016-09-19T11:47:16.060Z"}
{"level":"info","message":"Adding user: {}","timestamp":"2016-09-19T11:47:17.024Z"}
{"level":"info","message":"Adding user: {}","timestamp":"2016-09-19T11:47:17.774Z"}
{"level":"info","message":"Adding user: {}","timestamp":"2016-09-19T11:47:18.421Z"}
{"level":"info","message":"Adding user: {}","timestamp":"2016-09-19T11:47:19.021Z"}
{"level":"info","message":"Adding user: {}","timestamp":"2016-09-19T11:47:19.524Z"}
{"level":"info","message":"Adding user: {}","timestamp":"2016-09-19T11:47:19.948Z"}
{"level":"info","message":"Adding user: {}","timestamp":"2016-09-19T11:47:20.261Z"}
{"level":"info","message":"Adding user: {}","timestamp":"2016-09-19T11:47:20.503Z"}
{"level":"info","message":"Adding user: {}","timestamp":"2016-09-19T11:47:20.698Z"}
{"level":"info","message":"Adding user: {}","timestamp":"2016-09-19T11:47:20.929Z"}
{"level":"info","message":"Adding user: {}","timestamp":"2016-09-19T11:47:21.133Z"}
{"level":"info","message":"Adding user: {}","timestamp":"2016-09-19T11:47:21.346Z"}
{"level":"info","message":"Adding user: {}","timestamp":"2016-09-19T11:47:21.558Z"}
{"level":"info","message":"Adding user: {}","timestamp":"2016-09-19T11:47:21.781Z"}
{"level":"info","message":"Adding user: {}","timestamp":"2016-09-19T11:47:21.992Z"}
{"level":"info","message":"Adding user: {}","timestamp":"2016-09-19T11:47:22.224Z"}
{"level":"info","message":"Adding user: {}","timestamp":"2016-09-19T11:47:22.474Z"}
{"level":"info","message":"Adding user: {}","timestamp":"2016-09-19T11:47:23.689Z"}
{"level":"info","message":"Adding user: {}","timestamp":"2016-09-19T11:47:24.226Z"}
{"level":"info","message":"Adding user: {}","timestamp":"2016-09-19T11:47:24.482Z"}
{"level":"info","message":"Adding user: {}","timestamp":"2016-09-19T11:47:24.717Z"}
{"level":"info","message":"Adding user: {}","timestamp":"2016-09-19T11:47:25.473Z"}
{"level":"info","message":"Adding user: {\"email\":\"qwerty@qwerty.ru\",\"password\":\"123\"}","timestamp":"2016-09-19T11:51:24.018Z"}
